<?xml version="1.0" encoding="UTF-8"?>
<!-- Generated by org.testng.reporters.JUnitXMLReporter -->
<testsuite ignored="0" hostname="DESKTOP-VGQDU2F" failures="0" tests="3" name="Test" time="19.178" errors="0" timestamp="2020-07-12T06:34:14 IST">
  <testcase classname="basePackage.TestOrangeHRM" name="loginApp" time="5.743"/>
  <testcase classname="basePackage.TestOrangeHRM" name="searchUser" time="2.328"/>
  <testcase classname="basePackage.TestOrangeHRM" name="logOut" time="1.193"/>
</testsuite> <!-- Test -->
