<?xml version="1.0" encoding="UTF-8"?>
<!-- Generated by org.testng.reporters.JUnitXMLReporter -->
<testsuite ignored="0" hostname="DESKTOP-VGQDU2F" failures="0" tests="8" name="Test on Chrome" time="90.136" errors="0" timestamp="2020-07-17T05:20:49 IST">
  <testcase classname="basePackage.TestOrangeHRM" name="loginApp" time="6.304"/>
  <testcase classname="secondPackage.TestOrangeHRMSecond" name="loginApp" time="4.703"/>
  <testcase classname="basePackage.TestOrangeHRM" name="searchEmployee" time="7.513"/>
  <testcase classname="basePackage.TestOrangeHRM" name="searchUser" time="4.569"/>
  <testcase classname="secondPackage.TestOrangeHRMSecond" name="searchEmployee" time="6.635"/>
  <testcase classname="secondPackage.TestOrangeHRMSecond" name="searchUser" time="4.505"/>
  <testcase classname="basePackage.TestOrangeHRM" name="logOut" time="1.304"/>
  <testcase classname="secondPackage.TestOrangeHRMSecond" name="logOut" time="1.203"/>
</testsuite> <!-- Test on Chrome -->
