<?xml version="1.0" encoding="UTF-8"?>
<!-- Generated by org.testng.reporters.JUnitXMLReporter -->
<testsuite ignored="0" hostname="DESKTOP-VGQDU2F" failures="0" tests="8" name="Test on FireFox" time="141.177" errors="0" timestamp="2020-07-17T19:25:34 IST">
  <testcase classname="basePackage.TestOrangeHRM" name="loginApp" time="4.059"/>
  <testcase classname="secondPackage.TestOrangeHRMSecond" name="loginApp" time="16.69"/>
  <testcase classname="basePackage.TestOrangeHRM" name="searchEmployee" time="11.516"/>
  <testcase classname="basePackage.TestOrangeHRM" name="searchUser" time="5.597"/>
  <testcase classname="secondPackage.TestOrangeHRMSecond" name="searchEmployee" time="10.794"/>
  <testcase classname="secondPackage.TestOrangeHRMSecond" name="searchUser" time="5.871"/>
  <testcase classname="basePackage.TestOrangeHRM" name="logOut" time="1.843"/>
  <testcase classname="secondPackage.TestOrangeHRMSecond" name="logOut" time="1.83"/>
</testsuite> <!-- Test on FireFox -->
