<?xml version="1.0" encoding="UTF-8"?>
<!-- Generated by org.testng.reporters.JUnitXMLReporter -->
<testsuite ignored="0" hostname="DESKTOP-VGQDU2F" failures="0" tests="4" name="Test on Edge" time="33.498" errors="0" timestamp="2020-07-16T06:53:17 IST">
  <testcase classname="basePackage.TestOrangeHRM" name="loginApp" time="5.448"/>
  <testcase classname="basePackage.TestOrangeHRM" name="searchUser" time="4.716"/>
  <testcase classname="basePackage.TestOrangeHRM" name="searchEmployee" time="6.546"/>
  <testcase classname="basePackage.TestOrangeHRM" name="logOut" time="1.368"/>
</testsuite> <!-- Test on Edge -->
