<?xml version="1.0" encoding="UTF-8"?>
<!-- Generated by org.testng.reporters.JUnitXMLReporter -->
<testsuite ignored="1" hostname="DESKTOP-VGQDU2F" failures="0" tests="3" name="Test on FireFox" time="33.342" errors="0" timestamp="2020-07-15T15:27:47 IST">
  <testcase classname="basePackage.TestOrangeHRM" name="loginApp" time="5.296"/>
  <testcase classname="basePackage.TestOrangeHRM" name="searchUser" time="7.568"/>
  <testcase classname="basePackage.TestOrangeHRM" name="logOut" time="3.256"/>
  <testcase classname="basePackage.TestOrangeHRM" name="searchEmployee" time="0.0">
    <ignored/>
  </testcase> <!-- searchEmployee -->
</testsuite> <!-- Test on FireFox -->
