<?xml version="1.0" encoding="UTF-8"?>
<!-- Generated by org.testng.reporters.JUnitXMLReporter -->
<testsuite ignored="1" hostname="DESKTOP-VGQDU2F" failures="0" tests="3" name="Test" time="18.951" errors="0" timestamp="2020-07-14T06:54:24 IST">
  <testcase classname="basePackage.TestOrangeHRM" name="loginApp" time="5.095"/>
  <testcase classname="basePackage.TestOrangeHRM" name="searchUser" time="2.198"/>
  <testcase classname="basePackage.TestOrangeHRM" name="logOut" time="1.262"/>
  <testcase classname="basePackage.TestOrangeHRM" name="searchEmployee" time="0.0">
    <ignored/>
  </testcase> <!-- searchEmployee -->
</testsuite> <!-- Test -->
