<?xml version="1.0" encoding="UTF-8"?>
<testng-results ignored="2" total="8" passed="6" failed="0" skipped="0">
  <reporter-output>
  </reporter-output>
  <suite started-at="2020-07-15T15:26:27 IST" name="Suite" finished-at="2020-07-15T15:27:47 IST" duration-ms="79753">
    <groups>
      <group name="Sanity">
        <method signature="TestOrangeHRM.loginApp(java.lang.String, java.lang.String, java.lang.String, java.lang.String)[pri:0, instance:basePackage.TestOrangeHRM@ec756bd]" name="loginApp" class="basePackage.TestOrangeHRM"/>
        <method signature="TestOrangeHRM.logOut()[pri:0, instance:basePackage.TestOrangeHRM@ec756bd]" name="logOut" class="basePackage.TestOrangeHRM"/>
        <method signature="TestOrangeHRM.loginApp(java.lang.String, java.lang.String, java.lang.String, java.lang.String)[pri:0, instance:basePackage.TestOrangeHRM@163e4e87]" name="loginApp" class="basePackage.TestOrangeHRM"/>
        <method signature="TestOrangeHRM.logOut()[pri:0, instance:basePackage.TestOrangeHRM@163e4e87]" name="logOut" class="basePackage.TestOrangeHRM"/>
      </group> <!-- Sanity -->
      <group name="Smoke">
        <method signature="TestOrangeHRM.loginApp(java.lang.String, java.lang.String, java.lang.String, java.lang.String)[pri:0, instance:basePackage.TestOrangeHRM@ec756bd]" name="loginApp" class="basePackage.TestOrangeHRM"/>
        <method signature="TestOrangeHRM.searchUser(java.lang.String, java.lang.String, java.lang.String, java.lang.String)[pri:0, instance:basePackage.TestOrangeHRM@ec756bd]" name="searchUser" class="basePackage.TestOrangeHRM"/>
        <method signature="TestOrangeHRM.logOut()[pri:0, instance:basePackage.TestOrangeHRM@ec756bd]" name="logOut" class="basePackage.TestOrangeHRM"/>
        <method signature="TestOrangeHRM.loginApp(java.lang.String, java.lang.String, java.lang.String, java.lang.String)[pri:0, instance:basePackage.TestOrangeHRM@163e4e87]" name="loginApp" class="basePackage.TestOrangeHRM"/>
        <method signature="TestOrangeHRM.searchUser(java.lang.String, java.lang.String, java.lang.String, java.lang.String)[pri:0, instance:basePackage.TestOrangeHRM@163e4e87]" name="searchUser" class="basePackage.TestOrangeHRM"/>
        <method signature="TestOrangeHRM.logOut()[pri:0, instance:basePackage.TestOrangeHRM@163e4e87]" name="logOut" class="basePackage.TestOrangeHRM"/>
      </group> <!-- Smoke -->
    </groups>
    <test started-at="2020-07-15T15:26:27 IST" name="Test on Chrome" finished-at="2020-07-15T15:27:13 IST" duration-ms="46315">
      <class name="basePackage.TestOrangeHRM">
        <test-method is-config="true" signature="launchBrowser(java.lang.String, java.lang.String)[pri:0, instance:basePackage.TestOrangeHRM@ec756bd]" started-at="2020-07-15T15:26:27 IST" name="launchBrowser" finished-at="2020-07-15T15:26:42 IST" duration-ms="14550" status="PASS">
          <params>
            <param index="0">
              <value>
                <![CDATA[https://opensource-demo.orangehrmlive.com/]]>
              </value>
            </param>
            <param index="1">
              <value>
                <![CDATA[Chrome]]>
              </value>
            </param>
          </params>
          <reporter-output>
          </reporter-output>
        </test-method> <!-- launchBrowser -->
        <test-method signature="loginApp(java.lang.String, java.lang.String, java.lang.String, java.lang.String)[pri:0, instance:basePackage.TestOrangeHRM@ec756bd]" started-at="2020-07-15T15:26:42 IST" name="loginApp" data-provider="testDataMethod" finished-at="2020-07-15T15:26:52 IST" duration-ms="10114" status="PASS">
          <params>
            <param index="0">
              <value>
                <![CDATA[Admin]]>
              </value>
            </param>
            <param index="1">
              <value>
                <![CDATA[admin123]]>
              </value>
            </param>
            <param index="2">
              <value>
                <![CDATA[Linda Anderson]]>
              </value>
            </param>
            <param index="3">
              <value>
                <![CDATA[PIM]]>
              </value>
            </param>
          </params>
          <reporter-output>
          </reporter-output>
        </test-method> <!-- loginApp -->
        <test-method signature="searchUser(java.lang.String, java.lang.String, java.lang.String, java.lang.String)[pri:0, instance:basePackage.TestOrangeHRM@ec756bd]" started-at="2020-07-15T15:26:52 IST" name="searchUser" data-provider="testDataMethod" finished-at="2020-07-15T15:26:58 IST" depends-on-methods="basePackage.TestOrangeHRM.loginApp" duration-ms="6164" status="PASS">
          <params>
            <param index="0">
              <value>
                <![CDATA[Admin]]>
              </value>
            </param>
            <param index="1">
              <value>
                <![CDATA[admin123]]>
              </value>
            </param>
            <param index="2">
              <value>
                <![CDATA[Linda Anderson]]>
              </value>
            </param>
            <param index="3">
              <value>
                <![CDATA[PIM]]>
              </value>
            </param>
          </params>
          <reporter-output>
          </reporter-output>
        </test-method> <!-- searchUser -->
        <test-method signature="logOut()[pri:0, instance:basePackage.TestOrangeHRM@ec756bd]" started-at="2020-07-15T15:26:58 IST" name="logOut" finished-at="2020-07-15T15:27:00 IST" depends-on-methods="basePackage.TestOrangeHRM.searchUser" duration-ms="2260" status="PASS">
          <reporter-output>
          </reporter-output>
        </test-method> <!-- logOut -->
        <test-method is-config="true" signature="afterClass()[pri:0, instance:basePackage.TestOrangeHRM@ec756bd]" started-at="2020-07-15T15:27:00 IST" name="afterClass" finished-at="2020-07-15T15:27:13 IST" duration-ms="13142" status="PASS">
          <reporter-output>
          </reporter-output>
        </test-method> <!-- afterClass -->
      </class> <!-- basePackage.TestOrangeHRM -->
    </test> <!-- Test on Chrome -->
    <test started-at="2020-07-15T15:27:13 IST" name="Test on FireFox" finished-at="2020-07-15T15:27:47 IST" duration-ms="33342">
      <class name="basePackage.TestOrangeHRM">
        <test-method is-config="true" signature="launchBrowser(java.lang.String, java.lang.String)[pri:0, instance:basePackage.TestOrangeHRM@163e4e87]" started-at="2020-07-15T15:27:13 IST" name="launchBrowser" finished-at="2020-07-15T15:27:27 IST" duration-ms="13766" status="PASS">
          <params>
            <param index="0">
              <value>
                <![CDATA[https://opensource-demo.orangehrmlive.com/]]>
              </value>
            </param>
            <param index="1">
              <value>
                <![CDATA[FireFox]]>
              </value>
            </param>
          </params>
          <reporter-output>
          </reporter-output>
        </test-method> <!-- launchBrowser -->
        <test-method signature="loginApp(java.lang.String, java.lang.String, java.lang.String, java.lang.String)[pri:0, instance:basePackage.TestOrangeHRM@163e4e87]" started-at="2020-07-15T15:27:27 IST" name="loginApp" data-provider="testDataMethod" finished-at="2020-07-15T15:27:33 IST" duration-ms="5296" status="PASS">
          <params>
            <param index="0">
              <value>
                <![CDATA[Admin]]>
              </value>
            </param>
            <param index="1">
              <value>
                <![CDATA[admin123]]>
              </value>
            </param>
            <param index="2">
              <value>
                <![CDATA[Linda Anderson]]>
              </value>
            </param>
            <param index="3">
              <value>
                <![CDATA[PIM]]>
              </value>
            </param>
          </params>
          <reporter-output>
          </reporter-output>
        </test-method> <!-- loginApp -->
        <test-method signature="searchUser(java.lang.String, java.lang.String, java.lang.String, java.lang.String)[pri:0, instance:basePackage.TestOrangeHRM@163e4e87]" started-at="2020-07-15T15:27:33 IST" name="searchUser" data-provider="testDataMethod" finished-at="2020-07-15T15:27:40 IST" depends-on-methods="basePackage.TestOrangeHRM.loginApp" duration-ms="7568" status="PASS">
          <params>
            <param index="0">
              <value>
                <![CDATA[Admin]]>
              </value>
            </param>
            <param index="1">
              <value>
                <![CDATA[admin123]]>
              </value>
            </param>
            <param index="2">
              <value>
                <![CDATA[Linda Anderson]]>
              </value>
            </param>
            <param index="3">
              <value>
                <![CDATA[PIM]]>
              </value>
            </param>
          </params>
          <reporter-output>
          </reporter-output>
        </test-method> <!-- searchUser -->
        <test-method signature="logOut()[pri:0, instance:basePackage.TestOrangeHRM@163e4e87]" started-at="2020-07-15T15:27:40 IST" name="logOut" finished-at="2020-07-15T15:27:43 IST" depends-on-methods="basePackage.TestOrangeHRM.searchUser" duration-ms="3256" status="PASS">
          <reporter-output>
          </reporter-output>
        </test-method> <!-- logOut -->
        <test-method is-config="true" signature="afterClass()[pri:0, instance:basePackage.TestOrangeHRM@163e4e87]" started-at="2020-07-15T15:27:43 IST" name="afterClass" finished-at="2020-07-15T15:27:47 IST" duration-ms="3443" status="PASS">
          <reporter-output>
          </reporter-output>
        </test-method> <!-- afterClass -->
      </class> <!-- basePackage.TestOrangeHRM -->
    </test> <!-- Test on FireFox -->
  </suite> <!-- Suite -->
</testng-results>
