<?xml version="1.0" encoding="UTF-8"?>
<!-- Generated by org.testng.reporters.JUnitXMLReporter -->
<testsuite ignored="0" hostname="DESKTOP-VGQDU2F" failures="0" tests="4" name="Default test" time="31.075" errors="0" timestamp="2020-07-15T05:45:11 IST">
  <testcase classname="basePackage.TestOrangeHRM" name="loginApp" time="6.665"/>
  <testcase classname="basePackage.TestOrangeHRM" name="searchEmployee" time="5.245"/>
  <testcase classname="basePackage.TestOrangeHRM" name="searchUser" time="4.71"/>
  <testcase classname="basePackage.TestOrangeHRM" name="logOut" time="1.44"/>
</testsuite> <!-- Default test -->
