<?xml version="1.0" encoding="UTF-8"?>
<!-- Generated by org.testng.reporters.JUnitXMLReporter -->
<testsuite ignored="0" hostname="DESKTOP-VGQDU2F" failures="0" tests="4" name="Default test" time="64.384" errors="0" timestamp="2020-07-17T05:00:05 IST">
  <testcase classname="secondPackage.TestOrangeHRMSecond" name="loginApp" time="6.761"/>
  <testcase classname="secondPackage.TestOrangeHRMSecond" name="searchEmployee" time="7.327"/>
  <testcase classname="secondPackage.TestOrangeHRMSecond" name="searchUser" time="5.628"/>
  <testcase classname="secondPackage.TestOrangeHRMSecond" name="logOut" time="1.728"/>
</testsuite> <!-- Default test -->
